<?xml version="1.0" encoding="UTF-8"?>
<testng-results skipped="0" failed="1" ignored="0" total="1" passed="0">
  <reporter-output>
  </reporter-output>
  <suite name="Default suite" duration-ms="1104" started-at="2019-07-29T12:22:07Z" finished-at="2019-07-29T12:22:09Z">
    <groups>
    </groups>
    <test name="Default test" duration-ms="1104" started-at="2019-07-29T12:22:07Z" finished-at="2019-07-29T12:22:09Z">
      <class name="citrusRest.SimulatorRestIT">
        <test-method status="PASS" signature="beforeSuite(org.testng.ITestContext)[pri:0, instance:citrusRest.SimulatorRestIT@747ddf94]" name="beforeSuite" is-config="true" duration-ms="1492" started-at="2019-07-29T12:22:06Z" finished-at="2019-07-29T12:22:07Z">
          <params>
            <param index="0">
              <value>
                <![CDATA[org.testng.TestRunner@6ff37443]]>
              </value>
            </param>
          </params>
          <reporter-output>
          </reporter-output>
        </test-method> <!-- beforeSuite -->
        <test-method status="PASS" signature="springTestContextBeforeTestClass()[pri:0, instance:citrusRest.SimulatorRestIT@747ddf94]" name="springTestContextBeforeTestClass" is-config="true" duration-ms="2" started-at="2019-07-29T12:22:07Z" finished-at="2019-07-29T12:22:07Z">
          <reporter-output>
          </reporter-output>
        </test-method> <!-- springTestContextBeforeTestClass -->
        <test-method status="PASS" signature="springTestContextPrepareTestInstance()[pri:0, instance:citrusRest.SimulatorRestIT@747ddf94]" name="springTestContextPrepareTestInstance" is-config="true" duration-ms="36" started-at="2019-07-29T12:22:07Z" depends-on-methods="org.springframework.test.context.testng.AbstractTestNGSpringContextTests.springTestContextBeforeTestClass" finished-at="2019-07-29T12:22:08Z">
          <reporter-output>
          </reporter-output>
        </test-method> <!-- springTestContextPrepareTestInstance -->
        <test-method status="PASS" signature="springTestContextBeforeTestMethod(java.lang.reflect.Method)[pri:0, instance:citrusRest.SimulatorRestIT@747ddf94]" name="springTestContextBeforeTestMethod" is-config="true" duration-ms="2" started-at="2019-07-29T12:22:08Z" finished-at="2019-07-29T12:22:08Z">
          <params>
            <param index="0">
              <value>
                <![CDATA[public void citrusRest.SimulatorRestIT.testHelloRequest()]]>
              </value>
            </param>
          </params>
          <reporter-output>
          </reporter-output>
        </test-method> <!-- springTestContextBeforeTestMethod -->
        <test-method status="FAIL" signature="testHelloRequest()[pri:0, instance:citrusRest.SimulatorRestIT@747ddf94]" name="testHelloRequest" duration-ms="1003" started-at="2019-07-29T12:22:08Z" finished-at="2019-07-29T12:22:09Z">
          <exception class="com.consol.citrus.exceptions.TestCaseFailedException">
            <message>
              <![CDATA[XML schema validation failed: cvc-elt.1.a: Cannot find the declaration of element 'HelloResponse'.]]>
            </message>
            <full-stacktrace>
              <![CDATA[com.consol.citrus.exceptions.TestCaseFailedException: XML schema validation failed: cvc-elt.1.a: Cannot find the declaration of element 'HelloResponse'.
at com.consol.citrus.TestCase.executeAction(TestCase.java:237)
at com.consol.citrus.TestCase.doExecute(TestCase.java:149)
at com.consol.citrus.actions.AbstractTestAction.execute(AbstractTestAction.java:42)
at com.consol.citrus.Citrus.run(Citrus.java:290)
at com.consol.citrus.dsl.testng.TestNGCitrusTest.invokeTestMethod(TestNGCitrusTest.java:132)
at com.consol.citrus.dsl.testng.TestNGCitrusTestDesigner.invokeTestMethod(TestNGCitrusTestDesigner.java:73)
at com.consol.citrus.dsl.testng.TestNGCitrusTest.run(TestNGCitrusTest.java:110)
at com.consol.citrus.dsl.testng.TestNGCitrusTest.run(TestNGCitrusTest.java:56)
at org.testng.internal.MethodInvocationHelper.invokeHookable(MethodInvocationHelper.java:242)
at org.testng.internal.Invoker.invokeMethod(Invoker.java:579)
at org.testng.internal.Invoker.invokeTestMethod(Invoker.java:719)
at org.testng.internal.Invoker.invokeTestMethods(Invoker.java:989)
at org.testng.internal.TestMethodWorker.invokeTestMethods(TestMethodWorker.java:125)
at org.testng.internal.TestMethodWorker.run(TestMethodWorker.java:109)
at org.testng.TestRunner.privateRun(TestRunner.java:648)
at org.testng.TestRunner.run(TestRunner.java:505)
at org.testng.SuiteRunner.runTest(SuiteRunner.java:455)
at org.testng.SuiteRunner.runSequentially(SuiteRunner.java:450)
at org.testng.SuiteRunner.privateRun(SuiteRunner.java:415)
at org.testng.SuiteRunner.run(SuiteRunner.java:364)
at org.testng.SuiteRunnerWorker.runSuite(SuiteRunnerWorker.java:52)
at org.testng.SuiteRunnerWorker.run(SuiteRunnerWorker.java:84)
at org.testng.TestNG.runSuitesSequentially(TestNG.java:1208)
at org.testng.TestNG.runSuitesLocally(TestNG.java:1137)
at org.testng.TestNG.runSuites(TestNG.java:1049)
at org.testng.TestNG.run(TestNG.java:1017)
at org.testng.remote.AbstractRemoteTestNG.run(AbstractRemoteTestNG.java:114)
at org.testng.remote.RemoteTestNG.initAndRun(RemoteTestNG.java:251)
at org.testng.remote.RemoteTestNG.main(RemoteTestNG.java:77)
Caused by: com.consol.citrus.exceptions.ValidationException: XML schema validation failed: cvc-elt.1.a: Cannot find the declaration of element 'HelloResponse'.
at com.consol.citrus.validation.xml.DomXmlMessageValidator.validateXMLSchema(DomXmlMessageValidator.java:226)
at com.consol.citrus.validation.xml.DomXmlMessageValidator.validateMessage(DomXmlMessageValidator.java:91)
at com.consol.citrus.validation.xml.DomXmlMessageValidator.validateMessage(DomXmlMessageValidator.java:68)
at com.consol.citrus.validation.AbstractMessageValidator.validateMessage(AbstractMessageValidator.java:46)
at com.consol.citrus.actions.ReceiveMessageAction.validateMessage(ReceiveMessageAction.java:226)
at com.consol.citrus.actions.ReceiveMessageAction.doExecute(ReceiveMessageAction.java:127)
at com.consol.citrus.actions.AbstractTestAction.execute(AbstractTestAction.java:42)
at com.consol.citrus.dsl.actions.DelegatingTestAction.doExecute(DelegatingTestAction.java:54)
at com.consol.citrus.actions.AbstractTestAction.execute(AbstractTestAction.java:42)
at com.consol.citrus.TestCase.executeAction(TestCase.java:230)
... 28 more
Caused by: org.xml.sax.SAXParseException; cvc-elt.1.a: Cannot find the declaration of element 'HelloResponse'.
at org.apache.xerces.util.ErrorHandlerWrapper.createSAXParseException(Unknown Source)
at org.apache.xerces.util.ErrorHandlerWrapper.error(Unknown Source)
at org.apache.xerces.impl.XMLErrorReporter.reportError(Unknown Source)
at org.apache.xerces.impl.XMLErrorReporter.reportError(Unknown Source)
at org.apache.xerces.impl.XMLErrorReporter.reportError(Unknown Source)
at org.apache.xerces.impl.xs.XMLSchemaValidator.handleStartElement(Unknown Source)
at org.apache.xerces.impl.xs.XMLSchemaValidator.startElement(Unknown Source)
at org.apache.xerces.jaxp.validation.DOMValidatorHelper.beginNode(Unknown Source)
at org.apache.xerces.jaxp.validation.DOMValidatorHelper.validate(Unknown Source)
at org.apache.xerces.jaxp.validation.DOMValidatorHelper.validate(Unknown Source)
at org.apache.xerces.jaxp.validation.ValidatorImpl.validate(Unknown Source)
at javax.xml.validation.Validator.validate(Unknown Source)
at org.springframework.xml.validation.Jaxp13ValidatorFactory$Jaxp13Validator.validate(Jaxp13ValidatorFactory.java:70)
at org.springframework.xml.validation.Jaxp13ValidatorFactory$Jaxp13Validator.validate(Jaxp13ValidatorFactory.java:59)
at com.consol.citrus.validation.xml.DomXmlMessageValidator.validateXMLSchema(DomXmlMessageValidator.java:210)
... 37 more
]]>
            </full-stacktrace>
          </exception> <!-- com.consol.citrus.exceptions.TestCaseFailedException -->
          <reporter-output>
          </reporter-output>
        </test-method> <!-- testHelloRequest -->
        <test-method status="PASS" signature="springTestContextAfterTestMethod(java.lang.reflect.Method)[pri:0, instance:citrusRest.SimulatorRestIT@747ddf94]" name="springTestContextAfterTestMethod" is-config="true" duration-ms="0" started-at="2019-07-29T12:22:09Z" finished-at="2019-07-29T12:22:09Z">
          <params>
            <param index="0">
              <value>
                <![CDATA[public void citrusRest.SimulatorRestIT.testHelloRequest()]]>
              </value>
            </param>
          </params>
          <reporter-output>
          </reporter-output>
        </test-method> <!-- springTestContextAfterTestMethod -->
        <test-method status="PASS" signature="springTestContextAfterTestClass()[pri:0, instance:citrusRest.SimulatorRestIT@747ddf94]" name="springTestContextAfterTestClass" is-config="true" duration-ms="0" started-at="2019-07-29T12:22:09Z" finished-at="2019-07-29T12:22:09Z">
          <reporter-output>
          </reporter-output>
        </test-method> <!-- springTestContextAfterTestClass -->
        <test-method status="PASS" signature="afterSuite(org.testng.ITestContext)[pri:0, instance:citrusRest.SimulatorRestIT@747ddf94]" name="afterSuite" is-config="true" duration-ms="20" started-at="2019-07-29T12:22:09Z" finished-at="2019-07-29T12:22:09Z">
          <params>
            <param index="0">
              <value>
                <![CDATA[org.testng.TestRunner@6ff37443]]>
              </value>
            </param>
          </params>
          <reporter-output>
          </reporter-output>
        </test-method> <!-- afterSuite -->
      </class> <!-- citrusRest.SimulatorRestIT -->
    </test> <!-- Default test -->
  </suite> <!-- Default suite -->
</testng-results>
